C:\projects\KRBO-02-16\Bushmelev\LRlab23i\Logical\Global.typ
C:\projects\KRBO-02-16\Bushmelev\LRlab23i\Logical\Global.var
C:\projects\KRBO-02-16\Bushmelev\LRlab23i\Logical\Libraries\Runtime\runtime.fun
C:\projects\KRBO-02-16\Bushmelev\LRlab23i\Logical\Libraries\Runtime\runtime.typ
C:\projects\KRBO-02-16\Bushmelev\LRlab23i\Logical\Libraries\Runtime\runtime.var
C:\projects\KRBO-02-16\Bushmelev\LRlab23i\Logical\Libraries\Operator\operator.fun
C:\projects\KRBO-02-16\Bushmelev\LRlab23i\Logical\Libraries\Operator\operator.typ
C:\projects\KRBO-02-16\Bushmelev\LRlab23i\Logical\Libraries\Operator\operator.var
C:\projects\KRBO-02-16\Bushmelev\LRlab23i\Logical\Libraries\AsIecCon\AsIecCon.fun
C:\projects\KRBO-02-16\Bushmelev\LRlab23i\Logical\Libraries\AsIecCon\AsIecCon.typ
C:\projects\KRBO-02-16\Bushmelev\LRlab23i\Logical\Libraries\AsIecCon\AsIecCon.var
C:\projects\KRBO-02-16\Bushmelev\LRlab23i\Logical\Libraries\astime\astime.fun
C:\projects\KRBO-02-16\Bushmelev\LRlab23i\Logical\Libraries\astime\astime.typ
C:\projects\KRBO-02-16\Bushmelev\LRlab23i\Logical\Libraries\astime\astime.var
C:\projects\KRBO-02-16\Bushmelev\LRlab23i\Logical\Libraries\sys_lib\sys_lib.fun
C:\projects\KRBO-02-16\Bushmelev\LRlab23i\Logical\Libraries\sys_lib\sys_lib.typ
C:\projects\KRBO-02-16\Bushmelev\LRlab23i\Logical\Libraries\sys_lib\sys_lib.var
C:\projects\KRBO-02-16\Bushmelev\LRlab23i\Logical\Libraries\asstring\asstring.fun
C:\projects\KRBO-02-16\Bushmelev\LRlab23i\Logical\Libraries\asstring\asstring.typ
C:\projects\KRBO-02-16\Bushmelev\LRlab23i\Logical\Libraries\asstring\asstring.var
C:\projects\KRBO-02-16\Bushmelev\LRlab23i\Logical\DriveLib\Types.typ
C:\projects\KRBO-02-16\Bushmelev\LRlab23i\Logical\DriveLib\Constants.var
C:\projects\KRBO-02-16\Bushmelev\LRlab23i\Logical\DriveLib\DriveLib.fun
